{"C:\\Users\\mathe\\OneDrive\\Documentos\\livraria\\backend\\src\\controllers\\autorController.js": {"path":"C:\\Users\\mathe\\OneDrive\\Documentos\\livraria\\backend\\src\\controllers\\autorController.js","statementMap":{"0":{"start":{"line":5,"column":4},"end":{"line":13,"column":5}},"1":{"start":{"line":6,"column":27},"end":{"line":6,"column":47}},"2":{"start":{"line":8,"column":6},"end":{"line":8,"column":40}},"3":{"start":{"line":10,"column":6},"end":{"line":12,"column":68}},"4":{"start":{"line":17,"column":4},"end":{"line":26,"column":5}},"5":{"start":{"line":18,"column":17},"end":{"line":18,"column":30}},"6":{"start":{"line":19,"column":30},"end":{"line":19,"column":54}},"7":{"start":{"line":21,"column":6},"end":{"line":21,"column":43}},"8":{"start":{"line":23,"column":6},"end":{"line":25,"column":77}},"9":{"start":{"line":30,"column":4},"end":{"line":41,"column":5}},"10":{"start":{"line":31,"column":24},"end":{"line":31,"column":52}},"11":{"start":{"line":33,"column":6},"end":{"line":36,"column":8}},"12":{"start":{"line":38,"column":6},"end":{"line":40,"column":68}},"13":{"start":{"line":45,"column":4},"end":{"line":54,"column":5}},"14":{"start":{"line":46,"column":17},"end":{"line":46,"column":30}},"15":{"start":{"line":47,"column":6},"end":{"line":47,"column":49}},"16":{"start":{"line":49,"column":6},"end":{"line":49,"column":59}},"17":{"start":{"line":51,"column":6},"end":{"line":53,"column":78}},"18":{"start":{"line":58,"column":4},"end":{"line":67,"column":5}},"19":{"start":{"line":59,"column":17},"end":{"line":59,"column":30}},"20":{"start":{"line":60,"column":6},"end":{"line":60,"column":39}},"21":{"start":{"line":62,"column":6},"end":{"line":62,"column":69}},"22":{"start":{"line":64,"column":6},"end":{"line":66,"column":74}}},"fnMap":{"0":{"name":"(anonymous_0)","decl":{"start":{"line":4,"column":2},"end":{"line":4,"column":3}},"loc":{"start":{"line":4,"column":39},"end":{"line":14,"column":3}},"line":4},"1":{"name":"(anonymous_1)","decl":{"start":{"line":16,"column":2},"end":{"line":16,"column":3}},"loc":{"start":{"line":16,"column":42},"end":{"line":27,"column":3}},"line":16},"2":{"name":"(anonymous_2)","decl":{"start":{"line":29,"column":2},"end":{"line":29,"column":3}},"loc":{"start":{"line":29,"column":42},"end":{"line":42,"column":3}},"line":29},"3":{"name":"(anonymous_3)","decl":{"start":{"line":44,"column":2},"end":{"line":44,"column":3}},"loc":{"start":{"line":44,"column":45},"end":{"line":55,"column":3}},"line":44},"4":{"name":"(anonymous_4)","decl":{"start":{"line":57,"column":2},"end":{"line":57,"column":3}},"loc":{"start":{"line":57,"column":43},"end":{"line":68,"column":3}},"line":57}},"branchMap":{},"s":{"0":2,"1":2,"2":2,"3":0,"4":1,"5":1,"6":1,"7":1,"8":0,"9":1,"10":1,"11":1,"12":0,"13":2,"14":2,"15":2,"16":2,"17":0,"18":2,"19":2,"20":2,"21":2,"22":0},"f":{"0":2,"1":1,"2":1,"3":2,"4":2},"b":{},"_coverageSchema":"1a1c01bbd47fc00a2c39e90264f33305004495a9","hash":"4693956d678bb405be5c75a3238a1cd2c04b0f46"}
,"C:\\Users\\mathe\\OneDrive\\Documentos\\livraria\\backend\\src\\controllers\\livroController.js": {"path":"C:\\Users\\mathe\\OneDrive\\Documentos\\livraria\\backend\\src\\controllers\\livroController.js","statementMap":{"0":{"start":{"line":6,"column":4},"end":{"line":14,"column":5}},"1":{"start":{"line":7,"column":26},"end":{"line":7,"column":46}},"2":{"start":{"line":9,"column":6},"end":{"line":9,"column":39}},"3":{"start":{"line":11,"column":6},"end":{"line":13,"column":68}},"4":{"start":{"line":18,"column":4},"end":{"line":27,"column":5}},"5":{"start":{"line":19,"column":17},"end":{"line":19,"column":30}},"6":{"start":{"line":20,"column":30},"end":{"line":20,"column":54}},"7":{"start":{"line":22,"column":6},"end":{"line":22,"column":43}},"8":{"start":{"line":24,"column":6},"end":{"line":26,"column":77}},"9":{"start":{"line":31,"column":20},"end":{"line":31,"column":37}},"10":{"start":{"line":33,"column":4},"end":{"line":38,"column":5}},"11":{"start":{"line":34,"column":31},"end":{"line":34,"column":69}},"12":{"start":{"line":35,"column":6},"end":{"line":35,"column":44}},"13":{"start":{"line":37,"column":6},"end":{"line":37,"column":76}},"14":{"start":{"line":42,"column":22},"end":{"line":42,"column":30}},"15":{"start":{"line":44,"column":4},"end":{"line":58,"column":5}},"16":{"start":{"line":45,"column":30},"end":{"line":45,"column":67}},"17":{"start":{"line":46,"column":28},"end":{"line":46,"column":80}},"18":{"start":{"line":48,"column":26},"end":{"line":48,"column":59}},"19":{"start":{"line":50,"column":6},"end":{"line":53,"column":8}},"20":{"start":{"line":55,"column":6},"end":{"line":57,"column":68}},"21":{"start":{"line":62,"column":4},"end":{"line":71,"column":5}},"22":{"start":{"line":63,"column":17},"end":{"line":63,"column":30}},"23":{"start":{"line":64,"column":6},"end":{"line":64,"column":49}},"24":{"start":{"line":66,"column":6},"end":{"line":66,"column":59}},"25":{"start":{"line":68,"column":6},"end":{"line":70,"column":78}},"26":{"start":{"line":75,"column":4},"end":{"line":84,"column":5}},"27":{"start":{"line":76,"column":17},"end":{"line":76,"column":30}},"28":{"start":{"line":77,"column":6},"end":{"line":77,"column":39}},"29":{"start":{"line":79,"column":6},"end":{"line":79,"column":69}},"30":{"start":{"line":81,"column":6},"end":{"line":83,"column":74}}},"fnMap":{"0":{"name":"(anonymous_0)","decl":{"start":{"line":5,"column":2},"end":{"line":5,"column":3}},"loc":{"start":{"line":5,"column":38},"end":{"line":15,"column":3}},"line":5},"1":{"name":"(anonymous_1)","decl":{"start":{"line":17,"column":2},"end":{"line":17,"column":3}},"loc":{"start":{"line":17,"column":42},"end":{"line":28,"column":3}},"line":17},"2":{"name":"(anonymous_2)","decl":{"start":{"line":30,"column":2},"end":{"line":30,"column":3}},"loc":{"start":{"line":30,"column":47},"end":{"line":39,"column":3}},"line":30},"3":{"name":"(anonymous_3)","decl":{"start":{"line":41,"column":2},"end":{"line":41,"column":3}},"loc":{"start":{"line":41,"column":41},"end":{"line":59,"column":3}},"line":41},"4":{"name":"(anonymous_4)","decl":{"start":{"line":61,"column":2},"end":{"line":61,"column":3}},"loc":{"start":{"line":61,"column":45},"end":{"line":72,"column":3}},"line":61},"5":{"name":"(anonymous_5)","decl":{"start":{"line":74,"column":2},"end":{"line":74,"column":3}},"loc":{"start":{"line":74,"column":43},"end":{"line":85,"column":3}},"line":74}},"branchMap":{},"s":{"0":2,"1":2,"2":2,"3":0,"4":1,"5":1,"6":1,"7":1,"8":0,"9":0,"10":0,"11":0,"12":0,"13":0,"14":1,"15":1,"16":1,"17":1,"18":1,"19":1,"20":0,"21":1,"22":1,"23":1,"24":1,"25":0,"26":1,"27":1,"28":1,"29":1,"30":0},"f":{"0":2,"1":1,"2":0,"3":1,"4":1,"5":1},"b":{},"_coverageSchema":"1a1c01bbd47fc00a2c39e90264f33305004495a9","hash":"da0c554a97240a77fbec2f63e2903d36cc9e0b7e"}
,"C:\\Users\\mathe\\OneDrive\\Documentos\\livraria\\backend\\src\\models\\Autor.js": {"path":"C:\\Users\\mathe\\OneDrive\\Documentos\\livraria\\backend\\src\\models\\Autor.js","statementMap":{"0":{"start":{"line":3,"column":20},"end":{"line":10,"column":1}},"1":{"start":{"line":12,"column":14},"end":{"line":12,"column":52}}},"fnMap":{},"branchMap":{},"s":{"0":6,"1":6},"f":{},"b":{},"_coverageSchema":"1a1c01bbd47fc00a2c39e90264f33305004495a9","hash":"c735d3bab095f5184008502d476b8e0b9c9b8c06"}
,"C:\\Users\\mathe\\OneDrive\\Documentos\\livraria\\backend\\src\\models\\Livro.js": {"path":"C:\\Users\\mathe\\OneDrive\\Documentos\\livraria\\backend\\src\\models\\Livro.js","statementMap":{"0":{"start":{"line":4,"column":20},"end":{"line":13,"column":1}},"1":{"start":{"line":15,"column":14},"end":{"line":15,"column":51}}},"fnMap":{},"branchMap":{},"s":{"0":4,"1":4},"f":{},"b":{},"_coverageSchema":"1a1c01bbd47fc00a2c39e90264f33305004495a9","hash":"036fae490fd37499eef90afd3d04026453f7f981"}
,"C:\\Users\\mathe\\OneDrive\\Documentos\\livraria\\backend\\src\\routes\\autoresRoutes.js": {"path":"C:\\Users\\mathe\\OneDrive\\Documentos\\livraria\\backend\\src\\routes\\autoresRoutes.js","statementMap":{"0":{"start":{"line":4,"column":15},"end":{"line":4,"column":31}},"1":{"start":{"line":6,"column":0},"end":{"line":6,"column":53}},"2":{"start":{"line":8,"column":0},"end":{"line":8,"column":67}},"3":{"start":{"line":10,"column":0},"end":{"line":10,"column":67}},"4":{"start":{"line":12,"column":0},"end":{"line":12,"column":73}},"5":{"start":{"line":14,"column":0},"end":{"line":14,"column":72}}},"fnMap":{},"branchMap":{},"s":{"0":2,"1":2,"2":2,"3":2,"4":2,"5":2},"f":{},"b":{},"_coverageSchema":"1a1c01bbd47fc00a2c39e90264f33305004495a9","hash":"4b4c84b706aa6bf2d6f13ed9cf2ca6ec1835b810"}
,"C:\\Users\\mathe\\OneDrive\\Documentos\\livraria\\backend\\src\\routes\\index.js": {"path":"C:\\Users\\mathe\\OneDrive\\Documentos\\livraria\\backend\\src\\routes\\index.js","statementMap":{"0":{"start":{"line":6,"column":15},"end":{"line":12,"column":1}},"1":{"start":{"line":7,"column":2},"end":{"line":7,"column":17}},"2":{"start":{"line":9,"column":2},"end":{"line":9,"column":80}},"3":{"start":{"line":9,"column":35},"end":{"line":9,"column":79}},"4":{"start":{"line":11,"column":2},"end":{"line":11,"column":42}}},"fnMap":{"0":{"name":"(anonymous_0)","decl":{"start":{"line":6,"column":15},"end":{"line":6,"column":16}},"loc":{"start":{"line":6,"column":24},"end":{"line":12,"column":1}},"line":6},"1":{"name":"(anonymous_1)","decl":{"start":{"line":9,"column":21},"end":{"line":9,"column":22}},"loc":{"start":{"line":9,"column":35},"end":{"line":9,"column":79}},"line":9}},"branchMap":{},"s":{"0":2,"1":2,"2":2,"3":0,"4":2},"f":{"0":2,"1":0},"b":{},"_coverageSchema":"1a1c01bbd47fc00a2c39e90264f33305004495a9","hash":"d7ae531ebea9d4339d078ebd393b156b682379f7"}
,"C:\\Users\\mathe\\OneDrive\\Documentos\\livraria\\backend\\src\\routes\\livrosRoutes.js": {"path":"C:\\Users\\mathe\\OneDrive\\Documentos\\livraria\\backend\\src\\routes\\livrosRoutes.js","statementMap":{"0":{"start":{"line":4,"column":15},"end":{"line":4,"column":31}},"1":{"start":{"line":6,"column":0},"end":{"line":6,"column":51}},"2":{"start":{"line":8,"column":0},"end":{"line":8,"column":78}},"3":{"start":{"line":10,"column":0},"end":{"line":10,"column":66}},"4":{"start":{"line":12,"column":0},"end":{"line":12,"column":65}},"5":{"start":{"line":14,"column":0},"end":{"line":14,"column":72}},"6":{"start":{"line":16,"column":0},"end":{"line":16,"column":71}}},"fnMap":{},"branchMap":{},"s":{"0":2,"1":2,"2":2,"3":2,"4":2,"5":2,"6":2},"f":{},"b":{},"_coverageSchema":"1a1c01bbd47fc00a2c39e90264f33305004495a9","hash":"7000ecbde17e160577476e632f1eaec242090989"}
}
