TN:
SF:src\controllers\autorController.js
FN:4,(anonymous_0)
FN:16,(anonymous_1)
FN:29,(anonymous_2)
FN:44,(anonymous_3)
FN:57,(anonymous_4)
FNF:5
FNH:5
FNDA:2,(anonymous_0)
FNDA:1,(anonymous_1)
FNDA:1,(anonymous_2)
FNDA:2,(anonymous_3)
FNDA:2,(anonymous_4)
DA:5,2
DA:6,2
DA:8,2
DA:10,0
DA:17,1
DA:18,1
DA:19,1
DA:21,1
DA:23,0
DA:30,1
DA:31,1
DA:33,1
DA:38,0
DA:45,2
DA:46,2
DA:47,2
DA:49,2
DA:51,0
DA:58,2
DA:59,2
DA:60,2
DA:62,2
DA:64,0
LF:23
LH:18
BRF:0
BRH:0
end_of_record
TN:
SF:src\controllers\livroController.js
FN:5,(anonymous_0)
FN:17,(anonymous_1)
FN:30,(anonymous_2)
FN:41,(anonymous_3)
FN:61,(anonymous_4)
FN:74,(anonymous_5)
FNF:6
FNH:5
FNDA:2,(anonymous_0)
FNDA:1,(anonymous_1)
FNDA:0,(anonymous_2)
FNDA:1,(anonymous_3)
FNDA:1,(anonymous_4)
FNDA:1,(anonymous_5)
DA:6,2
DA:7,2
DA:9,2
DA:11,0
DA:18,1
DA:19,1
DA:20,1
DA:22,1
DA:24,0
DA:31,0
DA:33,0
DA:34,0
DA:35,0
DA:37,0
DA:42,1
DA:44,1
DA:45,1
DA:46,1
DA:48,1
DA:50,1
DA:55,0
DA:62,1
DA:63,1
DA:64,1
DA:66,1
DA:68,0
DA:75,1
DA:76,1
DA:77,1
DA:79,1
DA:81,0
LF:31
LH:21
BRF:0
BRH:0
end_of_record
TN:
SF:src\models\Autor.js
FNF:0
FNH:0
DA:3,6
DA:12,6
LF:2
LH:2
BRF:0
BRH:0
end_of_record
TN:
SF:src\models\Livro.js
FNF:0
FNH:0
DA:4,4
DA:15,4
LF:2
LH:2
BRF:0
BRH:0
end_of_record
TN:
SF:src\routes\autoresRoutes.js
FNF:0
FNH:0
DA:4,2
DA:6,2
DA:8,2
DA:10,2
DA:12,2
DA:14,2
LF:6
LH:6
BRF:0
BRH:0
end_of_record
TN:
SF:src\routes\index.js
FN:6,(anonymous_0)
FN:9,(anonymous_1)
FNF:2
FNH:1
FNDA:2,(anonymous_0)
FNDA:0,(anonymous_1)
DA:6,2
DA:7,2
DA:9,2
DA:11,2
LF:4
LH:4
BRF:0
BRH:0
end_of_record
TN:
SF:src\routes\livrosRoutes.js
FNF:0
FNH:0
DA:4,2
DA:6,2
DA:8,2
DA:10,2
DA:12,2
DA:14,2
DA:16,2
LF:7
LH:7
BRF:0
BRH:0
end_of_record
